<?xml version="1.0" encoding="utf-8"?>
<!DOCTYPE coverage SYSTEM "http://cobertura.sourceforge.net/xml/coverage-04.dtd">
<coverage line-rate="0.8593073593073594" branch-rate="0.5639097744360902" lines-covered="794" lines-valid="924" branches-covered="75" branches-valid="133" complexity="243" version="0" timestamp="1647431887">
  <sources>
    <source>D:\Projects\CodingPro\FlyingDutchmanAirlines\</source>
    <source>C:\</source>
  </sources>
  <packages>
    <package name="FlyingDutchmanAirlines" line-rate="0.7566964285714286" branch-rate="0.5714285714285714" complexity="159">
      <classes>
        <class name="FlyingDutchmanAirlines.Controllers.BookingController" filename="D:\Projects\CodingPro\FlyingDutchmanAirlines\WebApplication1\Controllers\BookingController.cs" line-rate="0" branch-rate="0" complexity="11">
          <methods>
            <method name=".ctor" signature="(...)" line-rate="0" branch-rate="1" complexity="1">
              <lines>
                <line number="14" hits="0" branch="false" />
                <line number="15" hits="0" branch="false" />
                <line number="16" hits="0" branch="false" />
                <line number="17" hits="0" branch="false" />
              </lines>
            </method>
            <method name="CreateBooking" signature="()" line-rate="0" branch-rate="0" complexity="10">
              <lines>
                <line number="20" hits="0" branch="false" />
                <line number="21" hits="0" branch="true" condition-coverage="0% (0/4)" />
                <line number="22" hits="0" branch="false" />
                <line number="23" hits="0" branch="false" />
                <line number="24" hits="0" branch="false" />
                <line number="26" hits="0" branch="true" condition-coverage="0% (0/4)" />
                <line number="27" hits="0" branch="false" />
                <line number="28" hits="0" branch="false" />
                <line number="31" hits="0" branch="true" condition-coverage="0% (0/2)" />
                <line number="32" hits="0" branch="false" />
                <line number="33" hits="0" branch="false" />
                <line number="34" hits="0" branch="false" />
                <line number="36" hits="0" branch="false" />
                <line number="37" hits="0" branch="false" />
                <line number="38" hits="0" branch="false" />
              </lines>
            </method>
          </methods>
          <lines>
            <line number="14" hits="0" branch="false" />
            <line number="15" hits="0" branch="false" />
            <line number="16" hits="0" branch="false" />
            <line number="17" hits="0" branch="false" />
            <line number="20" hits="0" branch="false" />
            <line number="21" hits="0" branch="true" condition-coverage="0% (0/4)" />
            <line number="22" hits="0" branch="false" />
            <line number="23" hits="0" branch="false" />
            <line number="24" hits="0" branch="false" />
            <line number="26" hits="0" branch="true" condition-coverage="0% (0/4)" />
            <line number="27" hits="0" branch="false" />
            <line number="28" hits="0" branch="false" />
            <line number="31" hits="0" branch="true" condition-coverage="0% (0/2)" />
            <line number="32" hits="0" branch="false" />
            <line number="33" hits="0" branch="false" />
            <line number="34" hits="0" branch="false" />
            <line number="36" hits="0" branch="false" />
            <line number="37" hits="0" branch="false" />
            <line number="38" hits="0" branch="false" />
          </lines>
        </class>
        <class name="FlyingDutchmanAirlines.Controllers.BookingModelBinder" filename="D:\Projects\CodingPro\FlyingDutchmanAirlines\WebApplication1\Controllers\BookingModelBinder.cs" line-rate="0" branch-rate="0" complexity="2">
          <methods>
            <method name="BindModelAsync" signature="()" line-rate="0" branch-rate="0" complexity="2">
              <lines>
                <line number="14" hits="0" branch="false" />
                <line number="15" hits="0" branch="true" condition-coverage="0% (0/2)" />
                <line number="16" hits="0" branch="false" />
                <line number="17" hits="0" branch="false" />
                <line number="20" hits="0" branch="false" />
                <line number="21" hits="0" branch="false" />
                <line number="22" hits="0" branch="false" />
                <line number="24" hits="0" branch="false" />
                <line number="25" hits="0" branch="false" />
                <line number="27" hits="0" branch="false" />
                <line number="28" hits="0" branch="false" />
                <line number="29" hits="0" branch="false" />
                <line number="30" hits="0" branch="false" />
                <line number="31" hits="0" branch="false" />
                <line number="33" hits="0" branch="false" />
                <line number="34" hits="0" branch="false" />
              </lines>
            </method>
          </methods>
          <lines>
            <line number="14" hits="0" branch="false" />
            <line number="15" hits="0" branch="true" condition-coverage="0% (0/2)" />
            <line number="16" hits="0" branch="false" />
            <line number="17" hits="0" branch="false" />
            <line number="20" hits="0" branch="false" />
            <line number="21" hits="0" branch="false" />
            <line number="22" hits="0" branch="false" />
            <line number="24" hits="0" branch="false" />
            <line number="25" hits="0" branch="false" />
            <line number="27" hits="0" branch="false" />
            <line number="28" hits="0" branch="false" />
            <line number="29" hits="0" branch="false" />
            <line number="30" hits="0" branch="false" />
            <line number="31" hits="0" branch="false" />
            <line number="33" hits="0" branch="false" />
            <line number="34" hits="0" branch="false" />
          </lines>
        </class>
        <class name="FlyingDutchmanAirlines.Controllers.FlightController" filename="D:\Projects\CodingPro\FlyingDutchmanAirlines\WebApplication1\Controllers\FlightController.cs" line-rate="0.9393939393939394" branch-rate="0.6" complexity="11">
          <methods>
            <method name=".ctor" signature="(...)" line-rate="1" branch-rate="1" complexity="1">
              <lines>
                <line number="13" hits="6" branch="false" />
                <line number="14" hits="6" branch="false" />
                <line number="15" hits="6" branch="false" />
                <line number="16" hits="6" branch="false" />
              </lines>
            </method>
            <method name="GetFlightByFlightNumber" signature="()" line-rate="0.8571428571428571" branch-rate="0.5" complexity="2">
              <lines>
                <line number="40" hits="3" branch="false" />
                <line number="42" hits="3" branch="false" />
                <line number="43" hits="3" branch="true" condition-coverage="50% (1/2)" />
                <line number="44" hits="0" branch="false" />
                <line number="45" hits="0" branch="false" />
                <line number="47" hits="3" branch="false" />
                <line number="48" hits="1" branch="false" />
                <line number="50" hits="1" branch="false" />
                <line number="51" hits="1" branch="false" />
                <line number="52" hits="1" branch="false" />
                <line number="54" hits="1" branch="false" />
                <line number="55" hits="1" branch="false" />
                <line number="56" hits="1" branch="false" />
                <line number="58" hits="3" branch="false" />
              </lines>
            </method>
            <method name="GetFlights" signature="()" line-rate="1" branch-rate="0.625" complexity="8">
              <lines>
                <line number="19" hits="3" branch="false" />
                <line number="20" hits="3" branch="false" />
                <line number="21" hits="3" branch="false" />
                <line number="22" hits="11" branch="true" condition-coverage="63% (5/8)" />
                <line number="23" hits="2" branch="false" />
                <line number="24" hits="2" branch="false" />
                <line number="25" hits="2" branch="false" />
                <line number="26" hits="1" branch="false" />
                <line number="28" hits="1" branch="false" />
                <line number="29" hits="1" branch="false" />
                <line number="30" hits="1" branch="false" />
                <line number="32" hits="1" branch="false" />
                <line number="33" hits="1" branch="false" />
                <line number="34" hits="1" branch="false" />
                <line number="36" hits="3" branch="false" />
              </lines>
            </method>
          </methods>
          <lines>
            <line number="13" hits="6" branch="false" />
            <line number="14" hits="6" branch="false" />
            <line number="15" hits="6" branch="false" />
            <line number="16" hits="6" branch="false" />
            <line number="19" hits="3" branch="false" />
            <line number="20" hits="3" branch="false" />
            <line number="21" hits="3" branch="false" />
            <line number="22" hits="11" branch="true" condition-coverage="63% (5/8)" />
            <line number="23" hits="2" branch="false" />
            <line number="24" hits="2" branch="false" />
            <line number="25" hits="2" branch="false" />
            <line number="26" hits="1" branch="false" />
            <line number="28" hits="1" branch="false" />
            <line number="29" hits="1" branch="false" />
            <line number="30" hits="1" branch="false" />
            <line number="32" hits="1" branch="false" />
            <line number="33" hits="1" branch="false" />
            <line number="34" hits="1" branch="false" />
            <line number="36" hits="3" branch="false" />
            <line number="40" hits="3" branch="false" />
            <line number="42" hits="3" branch="false" />
            <line number="43" hits="3" branch="true" condition-coverage="50% (1/2)" />
            <line number="44" hits="0" branch="false" />
            <line number="45" hits="0" branch="false" />
            <line number="47" hits="3" branch="false" />
            <line number="48" hits="1" branch="false" />
            <line number="50" hits="1" branch="false" />
            <line number="51" hits="1" branch="false" />
            <line number="52" hits="1" branch="false" />
            <line number="54" hits="1" branch="false" />
            <line number="55" hits="1" branch="false" />
            <line number="56" hits="1" branch="false" />
            <line number="58" hits="3" branch="false" />
          </lines>
        </class>
        <class name="FlyingDutchmanAirlines.Controllers.JsonData.BookingData" filename="D:\Projects\CodingPro\FlyingDutchmanAirlines\WebApplication1\Controllers\JsonData\BookingData.cs" line-rate="0.4" branch-rate="0.2" complexity="14">
          <methods>
            <method name="get_FirstName" signature="()" line-rate="1" branch-rate="1" complexity="1">
              <lines>
                <line number="10" hits="1" branch="false" />
              </lines>
            </method>
            <method name="set_FirstName" signature="(...)" line-rate="1" branch-rate="1" complexity="1">
              <lines>
                <line number="11" hits="5" branch="false" />
              </lines>
            </method>
            <method name="get_LastName" signature="()" line-rate="1" branch-rate="1" complexity="1">
              <lines>
                <line number="17" hits="1" branch="false" />
              </lines>
            </method>
            <method name="set_LastName" signature="(...)" line-rate="1" branch-rate="1" complexity="1">
              <lines>
                <line number="18" hits="3" branch="false" />
              </lines>
            </method>
            <method name="ValidateName" signature="(...)" line-rate="1" branch-rate="1" complexity="2">
              <lines>
                <line number="23" hits="8" branch="false" />
                <line number="24" hits="8" branch="true" condition-coverage="100% (2/2)" />
                <line number="25" hits="8" branch="false" />
                <line number="26" hits="4" branch="false" />
              </lines>
            </method>
            <method name="Validate" signature="(...)" line-rate="0" branch-rate="0" complexity="8">
              <lines>
                <line number="29" hits="0" branch="false" />
                <line number="30" hits="0" branch="false" />
                <line number="31" hits="0" branch="true" condition-coverage="0% (0/4)" />
                <line number="32" hits="0" branch="false" />
                <line number="33" hits="0" branch="false" />
                <line number="34" hits="0" branch="false" />
                <line number="35" hits="0" branch="true" condition-coverage="0% (0/4)" />
                <line number="36" hits="0" branch="false" />
                <line number="37" hits="0" branch="false" />
                <line number="38" hits="0" branch="false" />
                <line number="39" hits="0" branch="false" />
                <line number="40" hits="0" branch="false" />
              </lines>
            </method>
          </methods>
          <lines>
            <line number="10" hits="1" branch="false" />
            <line number="11" hits="5" branch="false" />
            <line number="17" hits="1" branch="false" />
            <line number="18" hits="3" branch="false" />
            <line number="23" hits="8" branch="false" />
            <line number="24" hits="8" branch="true" condition-coverage="100% (2/2)" />
            <line number="25" hits="8" branch="false" />
            <line number="26" hits="4" branch="false" />
            <line number="29" hits="0" branch="false" />
            <line number="30" hits="0" branch="false" />
            <line number="31" hits="0" branch="true" condition-coverage="0% (0/4)" />
            <line number="32" hits="0" branch="false" />
            <line number="33" hits="0" branch="false" />
            <line number="34" hits="0" branch="false" />
            <line number="35" hits="0" branch="true" condition-coverage="0% (0/4)" />
            <line number="36" hits="0" branch="false" />
            <line number="37" hits="0" branch="false" />
            <line number="38" hits="0" branch="false" />
            <line number="39" hits="0" branch="false" />
            <line number="40" hits="0" branch="false" />
          </lines>
        </class>
        <class name="FlyingDutchmanAirlines.DatabaseLayer.FlyingDutchmanAirlinesContext" filename="D:\Projects\CodingPro\FlyingDutchmanAirlines\WebApplication1\DatabaseLayer\FlyingDutchmanAirlinesContext.cs" line-rate="0.9186046511627907" branch-rate="0.25" complexity="12">
          <methods>
            <method name="get_Airports" signature="()" line-rate="1" branch-rate="1" complexity="1">
              <lines>
                <line number="20" hits="81" branch="false" />
              </lines>
            </method>
            <method name="get_Bookings" signature="()" line-rate="1" branch-rate="1" complexity="1">
              <lines>
                <line number="21" hits="69" branch="false" />
              </lines>
            </method>
            <method name="get_Customers" signature="()" line-rate="1" branch-rate="1" complexity="1">
              <lines>
                <line number="22" hits="88" branch="false" />
              </lines>
            </method>
            <method name="get_Flights" signature="()" line-rate="1" branch-rate="1" complexity="1">
              <lines>
                <line number="23" hits="78" branch="false" />
              </lines>
            </method>
            <method name="OnConfiguring" signature="(...)" line-rate="0.42857142857142855" branch-rate="0.25" complexity="4">
              <lines>
                <line number="26" hits="33" branch="false" />
                <line number="27" hits="33" branch="true" condition-coverage="50% (1/2)" />
                <line number="28" hits="0" branch="false" />
                <line number="30" hits="0" branch="true" condition-coverage="0% (0/2)" />
                <line number="31" hits="0" branch="false" />
                <line number="34" hits="0" branch="false" />
                <line number="35" hits="33" branch="false" />
              </lines>
            </method>
            <method name="OnModelCreating" signature="(...)" line-rate="1" branch-rate="1" complexity="1">
              <lines>
                <line number="38" hits="1" branch="false" />
                <line number="39" hits="1" branch="false" />
                <line number="40" hits="1" branch="false" />
                <line number="41" hits="1" branch="false" />
                <line number="42" hits="1" branch="false" />
                <line number="43" hits="1" branch="false" />
                <line number="44" hits="1" branch="false" />
                <line number="45" hits="1" branch="false" />
                <line number="46" hits="1" branch="false" />
                <line number="47" hits="1" branch="false" />
                <line number="48" hits="1" branch="false" />
                <line number="49" hits="1" branch="false" />
                <line number="50" hits="1" branch="false" />
                <line number="51" hits="1" branch="false" />
                <line number="52" hits="1" branch="false" />
                <line number="53" hits="1" branch="false" />
                <line number="54" hits="1" branch="false" />
                <line number="55" hits="2" branch="false" />
                <line number="57" hits="1" branch="false" />
                <line number="58" hits="1" branch="false" />
                <line number="59" hits="1" branch="false" />
                <line number="60" hits="1" branch="false" />
                <line number="61" hits="1" branch="false" />
                <line number="62" hits="1" branch="false" />
                <line number="63" hits="1" branch="false" />
                <line number="64" hits="1" branch="false" />
                <line number="65" hits="1" branch="false" />
                <line number="66" hits="1" branch="false" />
                <line number="67" hits="1" branch="false" />
                <line number="68" hits="1" branch="false" />
                <line number="69" hits="1" branch="false" />
                <line number="70" hits="1" branch="false" />
                <line number="71" hits="1" branch="false" />
                <line number="72" hits="1" branch="false" />
                <line number="73" hits="1" branch="false" />
                <line number="74" hits="1" branch="false" />
                <line number="75" hits="2" branch="false" />
                <line number="77" hits="1" branch="false" />
                <line number="78" hits="1" branch="false" />
                <line number="79" hits="1" branch="false" />
                <line number="80" hits="1" branch="false" />
                <line number="81" hits="1" branch="false" />
                <line number="82" hits="1" branch="false" />
                <line number="83" hits="1" branch="false" />
                <line number="84" hits="1" branch="false" />
                <line number="85" hits="1" branch="false" />
                <line number="86" hits="2" branch="false" />
                <line number="88" hits="1" branch="false" />
                <line number="89" hits="1" branch="false" />
                <line number="90" hits="1" branch="false" />
                <line number="91" hits="1" branch="false" />
                <line number="92" hits="1" branch="false" />
                <line number="93" hits="1" branch="false" />
                <line number="94" hits="1" branch="false" />
                <line number="95" hits="1" branch="false" />
                <line number="96" hits="1" branch="false" />
                <line number="97" hits="1" branch="false" />
                <line number="98" hits="1" branch="false" />
                <line number="99" hits="1" branch="false" />
                <line number="100" hits="1" branch="false" />
                <line number="101" hits="1" branch="false" />
                <line number="102" hits="1" branch="false" />
                <line number="103" hits="1" branch="false" />
                <line number="104" hits="1" branch="false" />
                <line number="105" hits="1" branch="false" />
                <line number="106" hits="2" branch="false" />
                <line number="108" hits="1" branch="false" />
                <line number="109" hits="1" branch="false" />
              </lines>
            </method>
            <method name="OnModelCreatingPartial" signature="(...)" line-rate="1" branch-rate="1" complexity="1">
              <lines>
                <line number="111" hits="2" branch="false" />
              </lines>
            </method>
            <method name=".ctor" signature="()" line-rate="0" branch-rate="1" complexity="1">
              <lines>
                <line number="11" hits="0" branch="false" />
                <line number="12" hits="0" branch="false" />
                <line number="13" hits="0" branch="false" />
              </lines>
            </method>
            <method name=".ctor" signature="(...)" line-rate="1" branch-rate="1" complexity="1">
              <lines>
                <line number="16" hits="33" branch="false" />
                <line number="17" hits="33" branch="false" />
                <line number="18" hits="33" branch="false" />
              </lines>
            </method>
          </methods>
          <lines>
            <line number="11" hits="0" branch="false" />
            <line number="12" hits="0" branch="false" />
            <line number="13" hits="0" branch="false" />
            <line number="16" hits="33" branch="false" />
            <line number="17" hits="33" branch="false" />
            <line number="18" hits="33" branch="false" />
            <line number="20" hits="81" branch="false" />
            <line number="21" hits="69" branch="false" />
            <line number="22" hits="88" branch="false" />
            <line number="23" hits="78" branch="false" />
            <line number="26" hits="33" branch="false" />
            <line number="27" hits="33" branch="true" condition-coverage="50% (1/2)" />
            <line number="28" hits="0" branch="false" />
            <line number="30" hits="0" branch="true" condition-coverage="0% (0/2)" />
            <line number="31" hits="0" branch="false" />
            <line number="34" hits="0" branch="false" />
            <line number="35" hits="33" branch="false" />
            <line number="38" hits="1" branch="false" />
            <line number="39" hits="1" branch="false" />
            <line number="40" hits="1" branch="false" />
            <line number="41" hits="1" branch="false" />
            <line number="42" hits="1" branch="false" />
            <line number="43" hits="1" branch="false" />
            <line number="44" hits="1" branch="false" />
            <line number="45" hits="1" branch="false" />
            <line number="46" hits="1" branch="false" />
            <line number="47" hits="1" branch="false" />
            <line number="48" hits="1" branch="false" />
            <line number="49" hits="1" branch="false" />
            <line number="50" hits="1" branch="false" />
            <line number="51" hits="1" branch="false" />
            <line number="52" hits="1" branch="false" />
            <line number="53" hits="1" branch="false" />
            <line number="54" hits="1" branch="false" />
            <line number="55" hits="2" branch="false" />
            <line number="57" hits="1" branch="false" />
            <line number="58" hits="1" branch="false" />
            <line number="59" hits="1" branch="false" />
            <line number="60" hits="1" branch="false" />
            <line number="61" hits="1" branch="false" />
            <line number="62" hits="1" branch="false" />
            <line number="63" hits="1" branch="false" />
            <line number="64" hits="1" branch="false" />
            <line number="65" hits="1" branch="false" />
            <line number="66" hits="1" branch="false" />
            <line number="67" hits="1" branch="false" />
            <line number="68" hits="1" branch="false" />
            <line number="69" hits="1" branch="false" />
            <line number="70" hits="1" branch="false" />
            <line number="71" hits="1" branch="false" />
            <line number="72" hits="1" branch="false" />
            <line number="73" hits="1" branch="false" />
            <line number="74" hits="1" branch="false" />
            <line number="75" hits="2" branch="false" />
            <line number="77" hits="1" branch="false" />
            <line number="78" hits="1" branch="false" />
            <line number="79" hits="1" branch="false" />
            <line number="80" hits="1" branch="false" />
            <line number="81" hits="1" branch="false" />
            <line number="82" hits="1" branch="false" />
            <line number="83" hits="1" branch="false" />
            <line number="84" hits="1" branch="false" />
            <line number="85" hits="1" branch="false" />
            <line number="86" hits="2" branch="false" />
            <line number="88" hits="1" branch="false" />
            <line number="89" hits="1" branch="false" />
            <line number="90" hits="1" branch="false" />
            <line number="91" hits="1" branch="false" />
            <line number="92" hits="1" branch="false" />
            <line number="93" hits="1" branch="false" />
            <line number="94" hits="1" branch="false" />
            <line number="95" hits="1" branch="false" />
            <line number="96" hits="1" branch="false" />
            <line number="97" hits="1" branch="false" />
            <line number="98" hits="1" branch="false" />
            <line number="99" hits="1" branch="false" />
            <line number="100" hits="1" branch="false" />
            <line number="101" hits="1" branch="false" />
            <line number="102" hits="1" branch="false" />
            <line number="103" hits="1" branch="false" />
            <line number="104" hits="1" branch="false" />
            <line number="105" hits="1" branch="false" />
            <line number="106" hits="2" branch="false" />
            <line number="108" hits="1" branch="false" />
            <line number="109" hits="1" branch="false" />
            <line number="111" hits="2" branch="false" />
          </lines>
        </class>
        <class name="FlyingDutchmanAirlines.DatabaseLayer.Models.Airport" filename="D:\Projects\CodingPro\FlyingDutchmanAirlines\WebApplication1\DatabaseLayer\Models\Airport.cs" line-rate="1" branch-rate="1" complexity="6">
          <methods>
            <method name="get_AirportId" signature="()" line-rate="1" branch-rate="1" complexity="1">
              <lines>
                <line number="14" hits="68" branch="false" />
              </lines>
            </method>
            <method name="get_City" signature="()" line-rate="1" branch-rate="1" complexity="1">
              <lines>
                <line number="15" hits="84" branch="false" />
              </lines>
            </method>
            <method name="get_Iata" signature="()" line-rate="1" branch-rate="1" complexity="1">
              <lines>
                <line number="16" hits="84" branch="false" />
              </lines>
            </method>
            <method name="get_FlightDestinationNavigations" signature="()" line-rate="1" branch-rate="1" complexity="1">
              <lines>
                <line number="18" hits="36" branch="false" />
              </lines>
            </method>
            <method name="get_FlightOriginNavigations" signature="()" line-rate="1" branch-rate="1" complexity="1">
              <lines>
                <line number="19" hits="36" branch="false" />
              </lines>
            </method>
            <method name=".ctor" signature="()" line-rate="1" branch-rate="1" complexity="1">
              <lines>
                <line number="8" hits="36" branch="false" />
                <line number="9" hits="36" branch="false" />
                <line number="10" hits="36" branch="false" />
                <line number="11" hits="36" branch="false" />
                <line number="12" hits="36" branch="false" />
              </lines>
            </method>
          </methods>
          <lines>
            <line number="8" hits="36" branch="false" />
            <line number="9" hits="36" branch="false" />
            <line number="10" hits="36" branch="false" />
            <line number="11" hits="36" branch="false" />
            <line number="12" hits="36" branch="false" />
            <line number="14" hits="68" branch="false" />
            <line number="15" hits="84" branch="false" />
            <line number="16" hits="84" branch="false" />
            <line number="18" hits="36" branch="false" />
            <line number="19" hits="36" branch="false" />
          </lines>
        </class>
        <class name="FlyingDutchmanAirlines.DatabaseLayer.Models.Booking" filename="D:\Projects\CodingPro\FlyingDutchmanAirlines\WebApplication1\DatabaseLayer\Models\Booking.cs" line-rate="0.6" branch-rate="1" complexity="5">
          <methods>
            <method name="get_BookingId" signature="()" line-rate="0" branch-rate="1" complexity="1">
              <lines>
                <line number="8" hits="0" branch="false" />
              </lines>
            </method>
            <method name="get_FlightNumber" signature="()" line-rate="1" branch-rate="1" complexity="1">
              <lines>
                <line number="9" hits="3" branch="false" />
              </lines>
            </method>
            <method name="get_CustomerId" signature="()" line-rate="1" branch-rate="1" complexity="1">
              <lines>
                <line number="10" hits="5" branch="false" />
              </lines>
            </method>
            <method name="get_Customer" signature="()" line-rate="0" branch-rate="1" complexity="1">
              <lines>
                <line number="12" hits="0" branch="false" />
              </lines>
            </method>
            <method name="get_FlightNumberNavigation" signature="()" line-rate="1" branch-rate="1" complexity="1">
              <lines>
                <line number="13" hits="2" branch="false" />
              </lines>
            </method>
          </methods>
          <lines>
            <line number="8" hits="0" branch="false" />
            <line number="9" hits="3" branch="false" />
            <line number="10" hits="5" branch="false" />
            <line number="12" hits="0" branch="false" />
            <line number="13" hits="2" branch="false" />
          </lines>
        </class>
        <class name="FlyingDutchmanAirlines.DatabaseLayer.Models.Customer" filename="D:\Projects\CodingPro\FlyingDutchmanAirlines\WebApplication1\DatabaseLayer\Models\Customer.cs" line-rate="0.6153846153846154" branch-rate="1" complexity="6">
          <methods>
            <method name="get_CustomerId" signature="()" line-rate="1" branch-rate="1" complexity="1">
              <lines>
                <line number="14" hits="7" branch="false" />
              </lines>
            </method>
            <method name="get_Name" signature="()" line-rate="1" branch-rate="1" complexity="1">
              <lines>
                <line number="15" hits="68" branch="false" />
              </lines>
            </method>
            <method name="get_Bookings" signature="()" line-rate="1" branch-rate="1" complexity="1">
              <lines>
                <line number="17" hits="24" branch="false" />
              </lines>
            </method>
            <method name="op_Equality" signature="(...)" line-rate="0" branch-rate="1" complexity="1">
              <lines>
                <line number="20" hits="0" branch="false" />
                <line number="21" hits="0" branch="false" />
                <line number="22" hits="0" branch="false" />
                <line number="23" hits="0" branch="false" />
              </lines>
            </method>
            <method name="op_Inequality" signature="(...)" line-rate="0" branch-rate="1" complexity="1">
              <lines>
                <line number="25" hits="0" branch="false" />
              </lines>
            </method>
            <method name=".ctor" signature="(...)" line-rate="1" branch-rate="1" complexity="1">
              <lines>
                <line number="8" hits="24" branch="false" />
                <line number="9" hits="24" branch="false" />
                <line number="10" hits="24" branch="false" />
                <line number="11" hits="24" branch="false" />
                <line number="12" hits="24" branch="false" />
              </lines>
            </method>
          </methods>
          <lines>
            <line number="8" hits="24" branch="false" />
            <line number="9" hits="24" branch="false" />
            <line number="10" hits="24" branch="false" />
            <line number="11" hits="24" branch="false" />
            <line number="12" hits="24" branch="false" />
            <line number="14" hits="7" branch="false" />
            <line number="15" hits="68" branch="false" />
            <line number="17" hits="24" branch="false" />
            <line number="20" hits="0" branch="false" />
            <line number="21" hits="0" branch="false" />
            <line number="22" hits="0" branch="false" />
            <line number="23" hits="0" branch="false" />
            <line number="25" hits="0" branch="false" />
          </lines>
        </class>
        <class name="FlyingDutchmanAirlines.DatabaseLayer.Models.CustomerEqualityComparer" filename="D:\Projects\CodingPro\FlyingDutchmanAirlines\WebApplication1\DatabaseLayer\Models\CustomerEqualityComparer.cs" line-rate="0" branch-rate="0" complexity="7">
          <methods>
            <method name="Equals" signature="(...)" line-rate="0" branch-rate="0" complexity="6">
              <lines>
                <line number="9" hits="0" branch="false" />
                <line number="10" hits="0" branch="true" condition-coverage="0% (0/4)" />
                <line number="11" hits="0" branch="false" />
                <line number="12" hits="0" branch="false" />
                <line number="15" hits="0" branch="true" condition-coverage="0% (0/2)" />
                <line number="16" hits="0" branch="false" />
              </lines>
            </method>
            <method name="GetHashCode" signature="(...)" line-rate="0" branch-rate="1" complexity="1">
              <lines>
                <line number="19" hits="0" branch="false" />
                <line number="20" hits="0" branch="false" />
                <line number="21" hits="0" branch="false" />
                <line number="22" hits="0" branch="false" />
              </lines>
            </method>
          </methods>
          <lines>
            <line number="9" hits="0" branch="false" />
            <line number="10" hits="0" branch="true" condition-coverage="0% (0/4)" />
            <line number="11" hits="0" branch="false" />
            <line number="12" hits="0" branch="false" />
            <line number="15" hits="0" branch="true" condition-coverage="0% (0/2)" />
            <line number="16" hits="0" branch="false" />
            <line number="19" hits="0" branch="false" />
            <line number="20" hits="0" branch="false" />
            <line number="21" hits="0" branch="false" />
            <line number="22" hits="0" branch="false" />
          </lines>
        </class>
        <class name="FlyingDutchmanAirlines.DatabaseLayer.Models.Flight" filename="D:\Projects\CodingPro\FlyingDutchmanAirlines\WebApplication1\DatabaseLayer\Models\Flight.cs" line-rate="1" branch-rate="1" complexity="7">
          <methods>
            <method name="get_FlightNumber" signature="()" line-rate="1" branch-rate="1" complexity="1">
              <lines>
                <line number="13" hits="20" branch="false" />
              </lines>
            </method>
            <method name="get_Origin" signature="()" line-rate="1" branch-rate="1" complexity="1">
              <lines>
                <line number="14" hits="18" branch="false" />
              </lines>
            </method>
            <method name="get_Destination" signature="()" line-rate="1" branch-rate="1" complexity="1">
              <lines>
                <line number="15" hits="16" branch="false" />
              </lines>
            </method>
            <method name="get_DestinationNavigation" signature="()" line-rate="1" branch-rate="1" complexity="1">
              <lines>
                <line number="17" hits="16" branch="false" />
              </lines>
            </method>
            <method name="get_OriginNavigation" signature="()" line-rate="1" branch-rate="1" complexity="1">
              <lines>
                <line number="18" hits="16" branch="false" />
              </lines>
            </method>
            <method name="get_Bookings" signature="()" line-rate="1" branch-rate="1" complexity="1">
              <lines>
                <line number="19" hits="16" branch="false" />
              </lines>
            </method>
            <method name=".ctor" signature="()" line-rate="1" branch-rate="1" complexity="1">
              <lines>
                <line number="8" hits="16" branch="false" />
                <line number="9" hits="16" branch="false" />
                <line number="10" hits="16" branch="false" />
                <line number="11" hits="16" branch="false" />
              </lines>
            </method>
          </methods>
          <lines>
            <line number="8" hits="16" branch="false" />
            <line number="9" hits="16" branch="false" />
            <line number="10" hits="16" branch="false" />
            <line number="11" hits="16" branch="false" />
            <line number="13" hits="20" branch="false" />
            <line number="14" hits="18" branch="false" />
            <line number="15" hits="16" branch="false" />
            <line number="17" hits="16" branch="false" />
            <line number="18" hits="16" branch="false" />
            <line number="19" hits="16" branch="false" />
          </lines>
        </class>
        <class name="FlyingDutchmanAirlines.ExtensionMethods" filename="D:\Projects\CodingPro\FlyingDutchmanAirlines\WebApplication1\ExtensionMethods.cs" line-rate="1" branch-rate="1" complexity="1">
          <methods>
            <method name="IsPositive" signature="(...)" line-rate="1" branch-rate="1" complexity="1">
              <lines>
                <line number="6" hits="14" branch="false" />
                <line number="7" hits="14" branch="false" />
                <line number="8" hits="14" branch="false" />
              </lines>
            </method>
          </methods>
          <lines>
            <line number="6" hits="14" branch="false" />
            <line number="7" hits="14" branch="false" />
            <line number="8" hits="14" branch="false" />
          </lines>
        </class>
        <class name="FlyingDutchmanAirlines.RepositoryLayer.AirportRepository" filename="D:\Projects\CodingPro\FlyingDutchmanAirlines\WebApplication1\RepositoryLayer\AirportRepository.cs" line-rate="0.8947368421052632" branch-rate="0.8333333333333334" complexity="7">
          <methods>
            <method name=".ctor" signature="(...)" line-rate="1" branch-rate="1" complexity="1">
              <lines>
                <line number="14" hits="6" branch="false" />
                <line number="15" hits="6" branch="false" />
                <line number="16" hits="6" branch="false" />
                <line number="17" hits="6" branch="false" />
              </lines>
            </method>
            <method name=".ctor" signature="()" line-rate="0.6666666666666666" branch-rate="0.5" complexity="2">
              <lines>
                <line number="20" hits="6" branch="false" />
                <line number="21" hits="6" branch="false" />
                <line number="22" hits="6" branch="true" condition-coverage="50% (1/2)" />
                <line number="23" hits="0" branch="false" />
                <line number="24" hits="0" branch="false" />
                <line number="26" hits="6" branch="false" />
              </lines>
            </method>
            <method name="GetAirportById" signature="()" line-rate="1" branch-rate="1" complexity="4">
              <lines>
                <line number="28" hits="6" branch="false" />
                <line number="29" hits="6" branch="true" condition-coverage="100% (2/2)" />
                <line number="30" hits="1" branch="false" />
                <line number="31" hits="1" branch="false" />
                <line number="32" hits="1" branch="false" />
                <line number="33" hits="5" branch="false" />
                <line number="35" hits="5" branch="true" condition-coverage="100% (2/2)" />
                <line number="36" hits="5" branch="false" />
                <line number="38" hits="4" branch="false" />
              </lines>
            </method>
          </methods>
          <lines>
            <line number="14" hits="6" branch="false" />
            <line number="15" hits="6" branch="false" />
            <line number="16" hits="6" branch="false" />
            <line number="17" hits="6" branch="false" />
            <line number="20" hits="6" branch="false" />
            <line number="21" hits="6" branch="false" />
            <line number="22" hits="6" branch="true" condition-coverage="50% (1/2)" />
            <line number="23" hits="0" branch="false" />
            <line number="24" hits="0" branch="false" />
            <line number="26" hits="6" branch="false" />
            <line number="28" hits="6" branch="false" />
            <line number="29" hits="6" branch="true" condition-coverage="100% (2/2)" />
            <line number="30" hits="1" branch="false" />
            <line number="31" hits="1" branch="false" />
            <line number="32" hits="1" branch="false" />
            <line number="33" hits="5" branch="false" />
            <line number="35" hits="5" branch="true" condition-coverage="100% (2/2)" />
            <line number="36" hits="5" branch="false" />
            <line number="38" hits="4" branch="false" />
          </lines>
        </class>
        <class name="FlyingDutchmanAirlines.RepositoryLayer.BookingRepository" filename="D:\Projects\CodingPro\FlyingDutchmanAirlines\WebApplication1\RepositoryLayer\BookingRepository.cs" line-rate="0.9285714285714286" branch-rate="0.8333333333333334" complexity="7">
          <methods>
            <method name=".ctor" signature="(...)" line-rate="1" branch-rate="1" complexity="1">
              <lines>
                <line number="12" hits="5" branch="false" />
                <line number="13" hits="5" branch="false" />
                <line number="14" hits="5" branch="false" />
                <line number="15" hits="5" branch="false" />
              </lines>
            </method>
            <method name=".ctor" signature="()" line-rate="0.6666666666666666" branch-rate="0.5" complexity="2">
              <lines>
                <line number="18" hits="9" branch="false" />
                <line number="19" hits="9" branch="false" />
                <line number="20" hits="9" branch="true" condition-coverage="50% (1/2)" />
                <line number="21" hits="0" branch="false" />
                <line number="22" hits="0" branch="false" />
                <line number="24" hits="9" branch="false" />
              </lines>
            </method>
            <method name="CreateBooking" signature="()" line-rate="1" branch-rate="1" complexity="4">
              <lines>
                <line number="26" hits="5" branch="false" />
                <line number="28" hits="5" branch="true" condition-coverage="100% (4/4)" />
                <line number="29" hits="3" branch="false" />
                <line number="30" hits="3" branch="false" />
                <line number="31" hits="3" branch="false" />
                <line number="34" hits="2" branch="false" />
                <line number="35" hits="2" branch="false" />
                <line number="36" hits="2" branch="false" />
                <line number="37" hits="2" branch="false" />
                <line number="38" hits="2" branch="false" />
                <line number="40" hits="2" branch="false" />
                <line number="41" hits="2" branch="false" />
                <line number="42" hits="2" branch="false" />
                <line number="44" hits="2" branch="false" />
                <line number="45" hits="1" branch="false" />
                <line number="46" hits="1" branch="false" />
                <line number="47" hits="1" branch="false" />
                <line number="50" hits="1" branch="false" />
              </lines>
            </method>
          </methods>
          <lines>
            <line number="12" hits="5" branch="false" />
            <line number="13" hits="5" branch="false" />
            <line number="14" hits="5" branch="false" />
            <line number="15" hits="5" branch="false" />
            <line number="18" hits="9" branch="false" />
            <line number="19" hits="9" branch="false" />
            <line number="20" hits="9" branch="true" condition-coverage="50% (1/2)" />
            <line number="21" hits="0" branch="false" />
            <line number="22" hits="0" branch="false" />
            <line number="24" hits="9" branch="false" />
            <line number="26" hits="5" branch="false" />
            <line number="28" hits="5" branch="true" condition-coverage="100% (4/4)" />
            <line number="29" hits="3" branch="false" />
            <line number="30" hits="3" branch="false" />
            <line number="31" hits="3" branch="false" />
            <line number="34" hits="2" branch="false" />
            <line number="35" hits="2" branch="false" />
            <line number="36" hits="2" branch="false" />
            <line number="37" hits="2" branch="false" />
            <line number="38" hits="2" branch="false" />
            <line number="40" hits="2" branch="false" />
            <line number="41" hits="2" branch="false" />
            <line number="42" hits="2" branch="false" />
            <line number="44" hits="2" branch="false" />
            <line number="45" hits="1" branch="false" />
            <line number="46" hits="1" branch="false" />
            <line number="47" hits="1" branch="false" />
            <line number="50" hits="1" branch="false" />
          </lines>
        </class>
        <class name="FlyingDutchmanAirlines.RepositoryLayer.CustomerRepository" filename="D:\Projects\CodingPro\FlyingDutchmanAirlines\WebApplication1\RepositoryLayer\CustomerRepository.cs" line-rate="0.9459459459459459" branch-rate="0.8" complexity="11">
          <methods>
            <method name="IsInvalidCustomerName" signature="(...)" line-rate="1" branch-rate="1" complexity="2">
              <lines>
                <line number="60" hits="18" branch="false" />
                <line number="61" hits="18" branch="false" />
                <line number="62" hits="142" branch="true" condition-coverage="100% (2/2)" />
                <line number="64" hits="18" branch="false" />
              </lines>
            </method>
            <method name=".ctor" signature="(...)" line-rate="1" branch-rate="1" complexity="1">
              <lines>
                <line number="15" hits="18" branch="false" />
                <line number="16" hits="18" branch="false" />
                <line number="17" hits="18" branch="false" />
                <line number="18" hits="18" branch="false" />
              </lines>
            </method>
            <method name=".ctor" signature="()" line-rate="0.6666666666666666" branch-rate="0.5" complexity="2">
              <lines>
                <line number="20" hits="9" branch="false" />
                <line number="21" hits="9" branch="false" />
                <line number="22" hits="9" branch="true" condition-coverage="50% (1/2)" />
                <line number="23" hits="0" branch="false" />
                <line number="24" hits="0" branch="false" />
                <line number="26" hits="9" branch="false" />
              </lines>
            </method>
            <method name="CreateCustomer" signature="()" line-rate="1" branch-rate="1" complexity="2">
              <lines>
                <line number="28" hits="10" branch="false" />
                <line number="29" hits="10" branch="true" condition-coverage="100% (2/2)" />
                <line number="30" hits="8" branch="false" />
                <line number="31" hits="8" branch="false" />
                <line number="34" hits="2" branch="false" />
                <line number="35" hits="2" branch="false" />
                <line number="36" hits="2" branch="false" />
                <line number="37" hits="2" branch="false" />
                <line number="38" hits="2" branch="false" />
                <line number="39" hits="2" branch="false" />
                <line number="40" hits="1" branch="false" />
                <line number="41" hits="1" branch="false" />
                <line number="42" hits="1" branch="false" />
                <line number="43" hits="1" branch="false" />
                <line number="44" hits="1" branch="false" />
                <line number="46" hits="1" branch="false" />
                <line number="47" hits="9" branch="false" />
              </lines>
            </method>
            <method name="GetCustomerByName" signature="()" line-rate="1" branch-rate="0.75" complexity="4">
              <lines>
                <line number="50" hits="8" branch="false" />
                <line number="51" hits="8" branch="true" condition-coverage="100% (2/2)" />
                <line number="52" hits="7" branch="false" />
                <line number="53" hits="7" branch="false" />
                <line number="55" hits="1" branch="true" condition-coverage="50% (1/2)" />
                <line number="58" hits="1" branch="false" />
              </lines>
            </method>
          </methods>
          <lines>
            <line number="15" hits="18" branch="false" />
            <line number="16" hits="18" branch="false" />
            <line number="17" hits="18" branch="false" />
            <line number="18" hits="18" branch="false" />
            <line number="20" hits="9" branch="false" />
            <line number="21" hits="9" branch="false" />
            <line number="22" hits="9" branch="true" condition-coverage="50% (1/2)" />
            <line number="23" hits="0" branch="false" />
            <line number="24" hits="0" branch="false" />
            <line number="26" hits="9" branch="false" />
            <line number="28" hits="10" branch="false" />
            <line number="29" hits="10" branch="true" condition-coverage="100% (2/2)" />
            <line number="30" hits="8" branch="false" />
            <line number="31" hits="8" branch="false" />
            <line number="34" hits="2" branch="false" />
            <line number="35" hits="2" branch="false" />
            <line number="36" hits="2" branch="false" />
            <line number="37" hits="2" branch="false" />
            <line number="38" hits="2" branch="false" />
            <line number="39" hits="2" branch="false" />
            <line number="40" hits="1" branch="false" />
            <line number="41" hits="1" branch="false" />
            <line number="42" hits="1" branch="false" />
            <line number="43" hits="1" branch="false" />
            <line number="44" hits="1" branch="false" />
            <line number="46" hits="1" branch="false" />
            <line number="47" hits="9" branch="false" />
            <line number="50" hits="8" branch="false" />
            <line number="51" hits="8" branch="true" condition-coverage="100% (2/2)" />
            <line number="52" hits="7" branch="false" />
            <line number="53" hits="7" branch="false" />
            <line number="55" hits="1" branch="true" condition-coverage="50% (1/2)" />
            <line number="58" hits="1" branch="false" />
            <line number="60" hits="18" branch="false" />
            <line number="61" hits="18" branch="false" />
            <line number="62" hits="142" branch="true" condition-coverage="100% (2/2)" />
            <line number="64" hits="18" branch="false" />
          </lines>
        </class>
        <class name="FlyingDutchmanAirlines.RepositoryLayer.FlightRepository" filename="D:\Projects\CodingPro\FlyingDutchmanAirlines\WebApplication1\RepositoryLayer\FlightRepository.cs" line-rate="0.92" branch-rate="0.875" complexity="9">
          <methods>
            <method name="GetFlights" signature="()" line-rate="1" branch-rate="1" complexity="2">
              <lines>
                <line number="29" hits="1" branch="false" />
                <line number="30" hits="1" branch="false" />
                <line number="31" hits="7" branch="true" condition-coverage="100% (2/2)" />
                <line number="32" hits="2" branch="false" />
                <line number="33" hits="2" branch="false" />
                <line number="34" hits="2" branch="false" />
                <line number="35" hits="1" branch="false" />
                <line number="36" hits="1" branch="false" />
              </lines>
            </method>
            <method name=".ctor" signature="(...)" line-rate="1" branch-rate="1" complexity="1">
              <lines>
                <line number="14" hits="4" branch="false" />
                <line number="15" hits="4" branch="false" />
                <line number="16" hits="4" branch="false" />
                <line number="17" hits="4" branch="false" />
              </lines>
            </method>
            <method name=".ctor" signature="()" line-rate="0.6666666666666666" branch-rate="0.5" complexity="2">
              <lines>
                <line number="20" hits="15" branch="false" />
                <line number="21" hits="15" branch="false" />
                <line number="22" hits="15" branch="true" condition-coverage="50% (1/2)" />
                <line number="23" hits="0" branch="false" />
                <line number="24" hits="0" branch="false" />
                <line number="26" hits="15" branch="false" />
              </lines>
            </method>
            <method name="GetFlightByFlightNumber" signature="()" line-rate="1" branch-rate="1" complexity="4">
              <lines>
                <line number="38" hits="3" branch="false" />
                <line number="39" hits="3" branch="true" condition-coverage="100% (2/2)" />
                <line number="40" hits="1" branch="false" />
                <line number="41" hits="1" branch="false" />
                <line number="42" hits="1" branch="false" />
                <line number="44" hits="2" branch="true" condition-coverage="100% (2/2)" />
                <line number="46" hits="1" branch="false" />
              </lines>
            </method>
          </methods>
          <lines>
            <line number="14" hits="4" branch="false" />
            <line number="15" hits="4" branch="false" />
            <line number="16" hits="4" branch="false" />
            <line number="17" hits="4" branch="false" />
            <line number="20" hits="15" branch="false" />
            <line number="21" hits="15" branch="false" />
            <line number="22" hits="15" branch="true" condition-coverage="50% (1/2)" />
            <line number="23" hits="0" branch="false" />
            <line number="24" hits="0" branch="false" />
            <line number="26" hits="15" branch="false" />
            <line number="29" hits="1" branch="false" />
            <line number="30" hits="1" branch="false" />
            <line number="31" hits="7" branch="true" condition-coverage="100% (2/2)" />
            <line number="32" hits="2" branch="false" />
            <line number="33" hits="2" branch="false" />
            <line number="34" hits="2" branch="false" />
            <line number="35" hits="1" branch="false" />
            <line number="36" hits="1" branch="false" />
            <line number="38" hits="3" branch="false" />
            <line number="39" hits="3" branch="true" condition-coverage="100% (2/2)" />
            <line number="40" hits="1" branch="false" />
            <line number="41" hits="1" branch="false" />
            <line number="42" hits="1" branch="false" />
            <line number="44" hits="2" branch="true" condition-coverage="100% (2/2)" />
            <line number="46" hits="1" branch="false" />
          </lines>
        </class>
        <class name="FlyingDutchmanAirlines.ServiceLayer.BookingService" filename="D:\Projects\CodingPro\FlyingDutchmanAirlines\WebApplication1\ServiceLayer\BookingService.cs" line-rate="0.8863636363636364" branch-rate="0.75" complexity="11">
          <methods>
            <method name=".ctor" signature="(...)" line-rate="1" branch-rate="1" complexity="1">
              <lines>
                <line number="13" hits="12" branch="false" />
                <line number="14" hits="12" branch="false" />
                <line number="15" hits="12" branch="false" />
                <line number="16" hits="12" branch="false" />
                <line number="17" hits="12" branch="false" />
                <line number="18" hits="12" branch="false" />
              </lines>
            </method>
            <method name="AddCustomerToDatabase" signature="()" line-rate="1" branch-rate="1" complexity="1">
              <lines>
                <line number="50" hits="3" branch="false" />
                <line number="51" hits="3" branch="false" />
                <line number="52" hits="2" branch="false" />
                <line number="53" hits="2" branch="false" />
              </lines>
            </method>
            <method name="CreateBooking" signature="()" line-rate="1" branch-rate="1" complexity="6">
              <lines>
                <line number="55" hits="9" branch="false" />
                <line number="56" hits="9" branch="true" condition-coverage="100% (2/2)" />
                <line number="57" hits="2" branch="false" />
                <line number="58" hits="2" branch="false" />
                <line number="62" hits="7" branch="false" />
                <line number="63" hits="7" branch="true" condition-coverage="100% (2/2)" />
                <line number="64" hits="7" branch="false" />
                <line number="65" hits="6" branch="true" condition-coverage="100% (2/2)" />
                <line number="66" hits="3" branch="false" />
                <line number="67" hits="3" branch="false" />
                <line number="68" hits="2" branch="false" />
                <line number="70" hits="5" branch="false" />
                <line number="71" hits="5" branch="false" />
                <line number="72" hits="5" branch="false" />
                <line number="75" hits="9" branch="false" />
              </lines>
            </method>
            <method name="GetCusotmerFromDatabase" signature="()" line-rate="0.5833333333333334" branch-rate="0" complexity="2">
              <lines>
                <line number="32" hits="7" branch="false" />
                <line number="34" hits="7" branch="false" />
                <line number="35" hits="7" branch="false" />
                <line number="38" hits="1" branch="false" />
                <line number="39" hits="1" branch="false" />
                <line number="40" hits="1" branch="false" />
                <line number="42" hits="0" branch="false" />
                <line number="43" hits="0" branch="false" />
                <line number="44" hits="0" branch="true" condition-coverage="0% (0/2)" />
                <line number="45" hits="0" branch="false" />
                <line number="46" hits="0" branch="false" />
                <line number="48" hits="7" branch="false" />
              </lines>
            </method>
            <method name="isFlightExistInDatabase" signature="()" line-rate="1" branch-rate="1" complexity="1">
              <lines>
                <line number="21" hits="6" branch="false" />
                <line number="23" hits="6" branch="false" />
                <line number="24" hits="6" branch="false" />
                <line number="26" hits="1" branch="false" />
                <line number="27" hits="1" branch="false" />
                <line number="28" hits="1" branch="false" />
                <line number="30" hits="6" branch="false" />
              </lines>
            </method>
          </methods>
          <lines>
            <line number="13" hits="12" branch="false" />
            <line number="14" hits="12" branch="false" />
            <line number="15" hits="12" branch="false" />
            <line number="16" hits="12" branch="false" />
            <line number="17" hits="12" branch="false" />
            <line number="18" hits="12" branch="false" />
            <line number="21" hits="6" branch="false" />
            <line number="23" hits="6" branch="false" />
            <line number="24" hits="6" branch="false" />
            <line number="26" hits="1" branch="false" />
            <line number="27" hits="1" branch="false" />
            <line number="28" hits="1" branch="false" />
            <line number="30" hits="6" branch="false" />
            <line number="32" hits="7" branch="false" />
            <line number="34" hits="7" branch="false" />
            <line number="35" hits="7" branch="false" />
            <line number="38" hits="1" branch="false" />
            <line number="39" hits="1" branch="false" />
            <line number="40" hits="1" branch="false" />
            <line number="42" hits="0" branch="false" />
            <line number="43" hits="0" branch="false" />
            <line number="44" hits="0" branch="true" condition-coverage="0% (0/2)" />
            <line number="45" hits="0" branch="false" />
            <line number="46" hits="0" branch="false" />
            <line number="48" hits="7" branch="false" />
            <line number="50" hits="3" branch="false" />
            <line number="51" hits="3" branch="false" />
            <line number="52" hits="2" branch="false" />
            <line number="53" hits="2" branch="false" />
            <line number="55" hits="9" branch="false" />
            <line number="56" hits="9" branch="true" condition-coverage="100% (2/2)" />
            <line number="57" hits="2" branch="false" />
            <line number="58" hits="2" branch="false" />
            <line number="62" hits="7" branch="false" />
            <line number="63" hits="7" branch="true" condition-coverage="100% (2/2)" />
            <line number="64" hits="7" branch="false" />
            <line number="65" hits="6" branch="true" condition-coverage="100% (2/2)" />
            <line number="66" hits="3" branch="false" />
            <line number="67" hits="3" branch="false" />
            <line number="68" hits="2" branch="false" />
            <line number="70" hits="5" branch="false" />
            <line number="71" hits="5" branch="false" />
            <line number="72" hits="5" branch="false" />
            <line number="75" hits="9" branch="false" />
          </lines>
        </class>
        <class name="FlyingDutchmanAirlines.ServiceLayer.FlightService" filename="D:\Projects\CodingPro\FlyingDutchmanAirlines\WebApplication1\ServiceLayer\FlightService.cs" line-rate="0.8611111111111112" branch-rate="0.8235294117647058" complexity="19">
          <methods>
            <method name=".ctor" signature="(...)" line-rate="1" branch-rate="1" complexity="1">
              <lines>
                <line number="15" hits="6" branch="false" />
                <line number="16" hits="6" branch="false" />
                <line number="17" hits="6" branch="false" />
                <line number="18" hits="6" branch="false" />
                <line number="19" hits="6" branch="false" />
              </lines>
            </method>
            <method name=".ctor" signature="()" line-rate="0.6666666666666666" branch-rate="0.5" complexity="2">
              <lines>
                <line number="22" hits="6" branch="false" />
                <line number="23" hits="6" branch="false" />
                <line number="24" hits="6" branch="true" condition-coverage="50% (1/2)" />
                <line number="25" hits="0" branch="false" />
                <line number="26" hits="0" branch="false" />
                <line number="28" hits="6" branch="false" />
              </lines>
            </method>
            <method name="GetFlightByFlightNumber" signature="()" line-rate="1" branch-rate="1" complexity="1">
              <lines>
                <line number="59" hits="3" branch="false" />
                <line number="60" hits="3" branch="false" />
                <line number="61" hits="2" branch="false" />
                <line number="62" hits="1" branch="false" />
                <line number="64" hits="1" branch="false" />
                <line number="65" hits="1" branch="false" />
              </lines>
            </method>
            <method name="GetFlights" signature="()" line-rate="0.8421052631578947" branch-rate="0.8666666666666667" complexity="15">
              <lines>
                <line number="31" hits="2" branch="true" condition-coverage="89% (8/9)" />
                <line number="32" hits="2" branch="false" />
                <line number="33" hits="9" branch="true" condition-coverage="75% (3/4)" />
                <line number="34" hits="2" branch="false" />
                <line number="38" hits="2" branch="false" />
                <line number="39" hits="2" branch="false" />
                <line number="40" hits="1" branch="false" />
                <line number="41" hits="1" branch="false" />
                <line number="42" hits="1" branch="false" />
                <line number="43" hits="1" branch="false" />
                <line number="44" hits="1" branch="false" />
                <line number="46" hits="0" branch="false" />
                <line number="47" hits="0" branch="false" />
                <line number="48" hits="0" branch="false" />
                <line number="50" hits="1" branch="true" condition-coverage="100% (2/2)" />
                <line number="51" hits="1" branch="false" />
                <line number="52" hits="1" branch="false" />
                <line number="53" hits="1" branch="false" />
                <line number="56" hits="1" branch="false" />
              </lines>
            </method>
          </methods>
          <lines>
            <line number="15" hits="6" branch="false" />
            <line number="16" hits="6" branch="false" />
            <line number="17" hits="6" branch="false" />
            <line number="18" hits="6" branch="false" />
            <line number="19" hits="6" branch="false" />
            <line number="22" hits="6" branch="false" />
            <line number="23" hits="6" branch="false" />
            <line number="24" hits="6" branch="true" condition-coverage="50% (1/2)" />
            <line number="25" hits="0" branch="false" />
            <line number="26" hits="0" branch="false" />
            <line number="28" hits="6" branch="false" />
            <line number="31" hits="2" branch="true" condition-coverage="89% (8/9)" />
            <line number="32" hits="2" branch="false" />
            <line number="33" hits="9" branch="true" condition-coverage="75% (3/4)" />
            <line number="34" hits="2" branch="false" />
            <line number="38" hits="2" branch="false" />
            <line number="39" hits="2" branch="false" />
            <line number="40" hits="1" branch="false" />
            <line number="41" hits="1" branch="false" />
            <line number="42" hits="1" branch="false" />
            <line number="43" hits="1" branch="false" />
            <line number="44" hits="1" branch="false" />
            <line number="46" hits="0" branch="false" />
            <line number="47" hits="0" branch="false" />
            <line number="48" hits="0" branch="false" />
            <line number="50" hits="1" branch="true" condition-coverage="100% (2/2)" />
            <line number="51" hits="1" branch="false" />
            <line number="52" hits="1" branch="false" />
            <line number="53" hits="1" branch="false" />
            <line number="56" hits="1" branch="false" />
            <line number="59" hits="3" branch="false" />
            <line number="60" hits="3" branch="false" />
            <line number="61" hits="2" branch="false" />
            <line number="62" hits="1" branch="false" />
            <line number="64" hits="1" branch="false" />
            <line number="65" hits="1" branch="false" />
          </lines>
        </class>
        <class name="FlyingDutchmanAirlines.Views.AirportInfo" filename="D:\Projects\CodingPro\FlyingDutchmanAirlines\WebApplication1\Views\FlightView.cs" line-rate="1" branch-rate="1" complexity="6">
          <methods>
            <method name="get_Code" signature="()" line-rate="1" branch-rate="1" complexity="1">
              <lines>
                <line number="5" hits="36" branch="false" />
              </lines>
            </method>
            <method name="get_City" signature="()" line-rate="1" branch-rate="1" complexity="1">
              <lines>
                <line number="6" hits="36" branch="false" />
              </lines>
            </method>
            <method name=".ctor" signature="(...)" line-rate="1" branch-rate="1" complexity="4">
              <lines>
                <line number="8" hits="20" branch="false" />
                <line number="9" hits="20" branch="false" />
                <line number="10" hits="20" branch="true" condition-coverage="100% (2/2)" />
                <line number="11" hits="20" branch="true" condition-coverage="100% (2/2)" />
                <line number="12" hits="20" branch="false" />
              </lines>
            </method>
          </methods>
          <lines>
            <line number="5" hits="36" branch="false" />
            <line number="6" hits="36" branch="false" />
            <line number="8" hits="20" branch="false" />
            <line number="9" hits="20" branch="false" />
            <line number="10" hits="20" branch="true" condition-coverage="100% (2/2)" />
            <line number="11" hits="20" branch="true" condition-coverage="100% (2/2)" />
            <line number="12" hits="20" branch="false" />
          </lines>
        </class>
        <class name="FlyingDutchmanAirlines.Views.FlightView" filename="D:\Projects\CodingPro\FlyingDutchmanAirlines\WebApplication1\Views\FlightView.cs" line-rate="1" branch-rate="1" complexity="5">
          <methods>
            <method name="get_FlightNumber" signature="()" line-rate="1" branch-rate="1" complexity="1">
              <lines>
                <line number="16" hits="16" branch="false" />
              </lines>
            </method>
            <method name="get_Origin" signature="()" line-rate="1" branch-rate="1" complexity="1">
              <lines>
                <line number="17" hits="23" branch="false" />
              </lines>
            </method>
            <method name="get_Destination" signature="()" line-rate="1" branch-rate="1" complexity="1">
              <lines>
                <line number="18" hits="23" branch="false" />
              </lines>
            </method>
            <method name=".ctor" signature="(...)" line-rate="1" branch-rate="1" complexity="2">
              <lines>
                <line number="20" hits="9" branch="false" />
                <line number="21" hits="9" branch="false" />
                <line number="22" hits="9" branch="true" condition-coverage="100% (2/2)" />
                <line number="23" hits="9" branch="false" />
                <line number="24" hits="9" branch="false" />
                <line number="25" hits="9" branch="false" />
              </lines>
            </method>
          </methods>
          <lines>
            <line number="16" hits="16" branch="false" />
            <line number="17" hits="23" branch="false" />
            <line number="18" hits="23" branch="false" />
            <line number="20" hits="9" branch="false" />
            <line number="21" hits="9" branch="false" />
            <line number="22" hits="9" branch="true" condition-coverage="100% (2/2)" />
            <line number="23" hits="9" branch="false" />
            <line number="24" hits="9" branch="false" />
            <line number="25" hits="9" branch="false" />
          </lines>
        </class>
        <class name="Program" filename="D:\Projects\CodingPro\FlyingDutchmanAirlines\WebApplication1\Program.cs" line-rate="0" branch-rate="0" complexity="2">
          <methods>
            <method name="&lt;Main&gt;$" signature="(...)" line-rate="0" branch-rate="0" complexity="2">
              <lines>
                <line number="5" hits="0" branch="false" />
                <line number="9" hits="0" branch="false" />
                <line number="10" hits="0" branch="false" />
                <line number="11" hits="0" branch="false" />
                <line number="12" hits="0" branch="false" />
                <line number="13" hits="0" branch="false" />
                <line number="14" hits="0" branch="false" />
                <line number="19" hits="0" branch="false" />
                <line number="20" hits="0" branch="false" />
                <line number="22" hits="0" branch="false" />
                <line number="25" hits="0" branch="true" condition-coverage="0% (0/2)" />
                <line number="26" hits="0" branch="false" />
                <line number="27" hits="0" branch="false" />
                <line number="28" hits="0" branch="false" />
                <line number="29" hits="0" branch="false" />
                <line number="31" hits="0" branch="false" />
                <line number="34" hits="0" branch="false" />
                <line number="36" hits="0" branch="false" />
              </lines>
            </method>
          </methods>
          <lines>
            <line number="5" hits="0" branch="false" />
            <line number="9" hits="0" branch="false" />
            <line number="10" hits="0" branch="false" />
            <line number="11" hits="0" branch="false" />
            <line number="12" hits="0" branch="false" />
            <line number="13" hits="0" branch="false" />
            <line number="14" hits="0" branch="false" />
            <line number="19" hits="0" branch="false" />
            <line number="20" hits="0" branch="false" />
            <line number="22" hits="0" branch="false" />
            <line number="25" hits="0" branch="true" condition-coverage="0% (0/2)" />
            <line number="26" hits="0" branch="false" />
            <line number="27" hits="0" branch="false" />
            <line number="28" hits="0" branch="false" />
            <line number="29" hits="0" branch="false" />
            <line number="31" hits="0" branch="false" />
            <line number="34" hits="0" branch="false" />
            <line number="36" hits="0" branch="false" />
          </lines>
        </class>
      </classes>
    </package>
    <package name="FlyingDutchmanAirlines_test" line-rate="0.9558823529411765" branch-rate="0.5357142857142857" complexity="84">
      <classes>
        <class name="AutoGeneratedProgram" filename="C:\Users\ce.DESKTOP-U3BVVRC\.nuget\packages\microsoft.net.test.sdk\16.11.0\build\netcoreapp2.1\Microsoft.NET.Test.Sdk.Program.cs" line-rate="0" branch-rate="1" complexity="1">
          <methods>
            <method name="Main" signature="(...)" line-rate="0" branch-rate="1" complexity="1">
              <lines>
                <line number="4" hits="0" branch="false" />
              </lines>
            </method>
          </methods>
          <lines>
            <line number="4" hits="0" branch="false" />
          </lines>
        </class>
        <class name="FlyingDutchmanAirlines_test.Controllers.FlightControllerTests" filename="D:\Projects\CodingPro\FlyingDutchmanAirlines\FlyingDutchmanAirlines_test\Controllers\FlightControllerTests.cs" line-rate="1" branch-rate="0.75" complexity="14">
          <methods>
            <method name="FlightViewAsyncGenerator" signature="()" line-rate="1" branch-rate="0.75" complexity="8">
              <lines>
                <line number="21" hits="1" branch="true" condition-coverage="50% (1/2)" />
                <line number="22" hits="7" branch="true" condition-coverage="75% (3/4)" />
                <line number="23" hits="2" branch="false" />
                <line number="24" hits="2" branch="true" condition-coverage="100% (2/2)" />
                <line number="25" hits="2" branch="false" />
                <line number="26" hits="1" branch="false" />
              </lines>
            </method>
            <method name="GetFlightByFlightNumber_failure_BadRequest_400" signature="()" line-rate="1" branch-rate="1" complexity="1">
              <lines>
                <line number="110" hits="1" branch="false" />
                <line number="111" hits="1" branch="false" />
                <line number="112" hits="1" branch="false" />
                <line number="113" hits="1" branch="false" />
                <line number="114" hits="1" branch="false" />
                <line number="116" hits="1" branch="false" />
                <line number="117" hits="1" branch="false" />
                <line number="118" hits="1" branch="false" />
                <line number="119" hits="1" branch="false" />
              </lines>
            </method>
            <method name="GetFlightByFlightNumber_failure_FlightNotFound_404" signature="()" line-rate="1" branch-rate="1" complexity="1">
              <lines>
                <line number="98" hits="1" branch="false" />
                <line number="99" hits="1" branch="false" />
                <line number="100" hits="1" branch="false" />
                <line number="101" hits="1" branch="false" />
                <line number="102" hits="1" branch="false" />
                <line number="104" hits="1" branch="false" />
                <line number="105" hits="1" branch="false" />
                <line number="106" hits="1" branch="false" />
                <line number="107" hits="1" branch="false" />
              </lines>
            </method>
            <method name="GetFlightByFlightNumber_success" signature="()" line-rate="1" branch-rate="1" complexity="1">
              <lines>
                <line number="79" hits="1" branch="false" />
                <line number="80" hits="1" branch="false" />
                <line number="81" hits="1" branch="false" />
                <line number="82" hits="1" branch="false" />
                <line number="83" hits="1" branch="false" />
                <line number="84" hits="1" branch="false" />
[...]
          <methods>
            <method name="TestInit" signature="()" line-rate="1" branch-rate="1" complexity="1">
              <lines>
                <line number="26" hits="6" branch="false" />
                <line number="27" hits="6" branch="false" />
                <line number="28" hits="6" branch="false" />
                <line number="30" hits="6" branch="false" />
                <line number="31" hits="6" branch="false" />
                <line number="32" hits="6" branch="false" />
                <line number="33" hits="6" branch="false" />
                <line number="34" hits="6" branch="false" />
                <line number="35" hits="6" branch="false" />
                <line number="36" hits="6" branch="false" />
                <line number="37" hits="6" branch="false" />
                <line number="38" hits="6" branch="false" />
                <line number="39" hits="6" branch="false" />
                <line number="40" hits="6" branch="false" />
                <line number="41" hits="6" branch="false" />
                <line number="42" hits="6" branch="false" />
                <line number="43" hits="6" branch="false" />
                <line number="44" hits="6" branch="false" />
              </lines>
            </method>
            <method name="GetFlights_success_NoFlight" signature="()" line-rate="1" branch-rate="1" complexity="1">
              <lines>
                <line number="72" hits="1" branch="false" />
                <line number="73" hits="1" branch="false" />
                <line number="75" hits="1" branch="false" />
                <line number="76" hits="1" branch="false" />
                <line number="77" hits="1" branch="false" />
                <line number="79" hits="1" branch="false" />
              </lines>
            </method>
            <method name="GetFlighByFlightNumber_failure_AirportNotFound" signature="()" line-rate="0.75" branch-rate="1" complexity="1">
              <lines>
                <line number="126" hits="1" branch="false" />
                <line number="127" hits="1" branch="false" />
                <line number="128" hits="1" branch="false" />
                <line number="130" hits="0" branch="false" />
              </lines>
            </method>
            <method name="GetFlighByFlightNumber_failure_FlightNotFound" signature="()" line-rate="0.75" branch-rate="1" complexity="1">
              <lines>
                <line number="117" hits="1" branch="false" />
                <line number="118" hits="1" branch="false" />
                <line number="119" hits="1" branch="false" />
                <line number="121" hits="0" branch="false" />
              </lines>
            </method>
            <method name="GetFlighByFlightNumber_success" signature="()" line-rate="1" branch-rate="1" complexity="1">
              <lines>
                <line number="102" hits="1" branch="false" />
                <line number="103" hits="1" branch="false" />
                <line number="104" hits="1" branch="false" />
                <line number="106" hits="1" branch="false" />
                <line number="107" hits="1" branch="false" />
                <line number="108" hits="1" branch="false" />
                <line number="109" hits="1" branch="false" />
                <line number="110" hits="1" branch="false" />
                <line number="111" hits="1" branch="false" />
                <line number="112" hits="1" branch="false" />
              </lines>
            </method>
            <method name="GetFlights_Success" signature="()" line-rate="1" branch-rate="0.625" complexity="8">
              <lines>
                <line number="47" hits="1" branch="false" />
                <line number="48" hits="1" branch="false" />
                <line number="49" hits="1" branch="false" />
                <line number="50" hits="1" branch="false" />
                <line number="51" hits="1" branch="false" />
                <line number="52" hits="1" branch="false" />
                <line number="53" hits="1" branch="false" />
                <line number="55" hits="1" branch="false" />
                <line number="56" hits="1" branch="false" />
                <line number="58" hits="1" branch="false" />
                <line number="59" hits="5" branch="true" condition-coverage="63% (5/8)" />
                <line number="60" hits="1" branch="false" />
                <line number="61" hits="1" branch="false" />
                <line number="62" hits="1" branch="false" />
                <line number="63" hits="1" branch="false" />
                <line number="64" hits="1" branch="false" />
                <line number="65" hits="1" branch="false" />
                <line number="66" hits="1" branch="false" />
                <line number="67" hits="1" branch="false" />
                <line number="68" hits="1" branch="false" />
              </lines>
            </method>
            <method name="GetFlights_failure_AirportNotFound" signature="()" line-rate="0.9166666666666666" branch-rate="0.5" complexity="8">
              <lines>
                <line number="85" hits="1" branch="false" />
                <line number="86" hits="1" branch="false" />
                <line number="87" hits="1" branch="false" />
                <line number="88" hits="1" branch="false" />
                <line number="89" hits="1" branch="false" />
                <line number="90" hits="1" branch="false" />
                <line number="91" hits="1" branch="false" />
                <line number="93" hits="1" branch="false" />
                <line number="94" hits="1" branch="false" />
                <line number="96" hits="1" branch="false" />
                <line number="97" hits="3" branch="true" condition-coverage="50% (4/8)" />
                <line number="98" hits="0" branch="false" />
              </lines>
            </method>
          </methods>
          <lines>
            <line number="26" hits="6" branch="false" />
            <line number="27" hits="6" branch="false" />
            <line number="28" hits="6" branch="false" />
            <line number="30" hits="6" branch="false" />
            <line number="31" hits="6" branch="false" />
            <line number="32" hits="6" branch="false" />
            <line number="33" hits="6" branch="false" />
            <line number="34" hits="6" branch="false" />
            <line number="35" hits="6" branch="false" />
            <line number="36" hits="6" branch="false" />
            <line number="37" hits="6" branch="false" />
            <line number="38" hits="6" branch="false" />
            <line number="39" hits="6" branch="false" />
            <line number="40" hits="6" branch="false" />
            <line number="41" hits="6" branch="false" />
            <line number="42" hits="6" branch="false" />
            <line number="43" hits="6" branch="false" />
            <line number="44" hits="6" branch="false" />
            <line number="47" hits="1" branch="false" />
            <line number="48" hits="1" branch="false" />
            <line number="49" hits="1" branch="false" />
            <line number="50" hits="1" branch="false" />
            <line number="51" hits="1" branch="false" />
            <line number="52" hits="1" branch="false" />
            <line number="53" hits="1" branch="false" />
            <line number="55" hits="1" branch="false" />
            <line number="56" hits="1" branch="false" />
            <line number="58" hits="1" branch="false" />
            <line number="59" hits="5" branch="true" condition-coverage="63% (5/8)" />
            <line number="60" hits="1" branch="false" />
            <line number="61" hits="1" branch="false" />
            <line number="62" hits="1" branch="false" />
            <line number="63" hits="1" branch="false" />
            <line number="64" hits="1" branch="false" />
            <line number="65" hits="1" branch="false" />
            <line number="66" hits="1" branch="false" />
            <line number="67" hits="1" branch="false" />
            <line number="68" hits="1" branch="false" />
            <line number="72" hits="1" branch="false" />
            <line number="73" hits="1" branch="false" />
            <line number="75" hits="1" branch="false" />
            <line number="76" hits="1" branch="false" />
            <line number="77" hits="1" branch="false" />
            <line number="79" hits="1" branch="false" />
            <line number="85" hits="1" branch="false" />
            <line number="86" hits="1" branch="false" />
            <line number="87" hits="1" branch="false" />
            <line number="88" hits="1" branch="false" />
            <line number="89" hits="1" branch="false" />
            <line number="90" hits="1" branch="false" />
            <line number="91" hits="1" branch="false" />
            <line number="93" hits="1" branch="false" />
            <line number="94" hits="1" branch="false" />
            <line number="96" hits="1" branch="false" />
            <line number="97" hits="3" branch="true" condition-coverage="50% (4/8)" />
            <line number="98" hits="0" branch="false" />
            <line number="102" hits="1" branch="false" />
            <line number="103" hits="1" branch="false" />
            <line number="104" hits="1" branch="false" />
            <line number="106" hits="1" branch="false" />
            <line number="107" hits="1" branch="false" />
            <line number="108" hits="1" branch="false" />
            <line number="109" hits="1" branch="false" />
            <line number="110" hits="1" branch="false" />
            <line number="111" hits="1" branch="false" />
            <line number="112" hits="1" branch="false" />
            <line number="117" hits="1" branch="false" />
            <line number="118" hits="1" branch="false" />
            <line number="119" hits="1" branch="false" />
            <line number="121" hits="0" branch="false" />
            <line number="126" hits="1" branch="false" />
            <line number="127" hits="1" branch="false" />
            <line number="128" hits="1" branch="false" />
            <line number="130" hits="0" branch="false" />
          </lines>
        </class>
        <class name="FlyingDutchmanAirlines_test.Stubs.FlyingDutchmanAirlinesContext_Stub" filename="D:\Projects\CodingPro\FlyingDutchmanAirlines\FlyingDutchmanAirlines_test\Stubs\FlyingDutchmanAirlinesContext_Stub.cs" line-rate="0.9090909090909091" branch-rate="1" complexity="7">
          <methods>
            <method name=".ctor" signature="(...)" line-rate="1" branch-rate="1" complexity="1">
              <lines>
                <line number="16" hits="33" branch="false" />
                <line number="17" hits="33" branch="false" />
                <line number="18" hits="33" branch="false" />
                <line number="19" hits="33" branch="false" />
              </lines>
            </method>
            <method name="SaveChangesAsync" signature="()" line-rate="0.8888888888888888" branch-rate="1" complexity="6">
              <lines>
                <line number="21" hits="32" branch="false" />
                <line number="22" hits="32" branch="false" />
                <line number="23" hits="195" branch="false" />
                <line number="24" hits="86" branch="false" />
                <line number="25" hits="34" branch="false" />
                <line number="26" hits="1" branch="false" />
                <line number="27" hits="1" branch="false" />
                <line number="29" hits="84" branch="false" />
                <line number="30" hits="51" branch="false" />
                <line number="31" hits="1" branch="false" />
                <line number="32" hits="1" branch="false" />
                <line number="35" hits="82" branch="false" />
                <line number="36" hits="54" branch="false" />
                <line number="37" hits="0" branch="false" />
                <line number="38" hits="0" branch="false" />
                <line number="40" hits="30" branch="false" />
                <line number="41" hits="30" branch="false" />
                <line number="42" hits="30" branch="false" />
              </lines>
            </method>
          </methods>
          <lines>
            <line number="16" hits="33" branch="false" />
            <line number="17" hits="33" branch="false" />
            <line number="18" hits="33" branch="false" />
            <line number="19" hits="33" branch="false" />
            <line number="21" hits="32" branch="false" />
            <line number="22" hits="32" branch="false" />
            <line number="23" hits="195" branch="false" />
            <line number="24" hits="86" branch="false" />
            <line number="25" hits="34" branch="false" />
            <line number="26" hits="1" branch="false" />
            <line number="27" hits="1" branch="false" />
            <line number="29" hits="84" branch="false" />
            <line number="30" hits="51" branch="false" />
            <line number="31" hits="1" branch="false" />
            <line number="32" hits="1" branch="false" />
            <line number="35" hits="82" branch="false" />
            <line number="36" hits="54" branch="false" />
            <line number="37" hits="0" branch="false" />
            <line number="38" hits="0" branch="false" />
            <line number="40" hits="30" branch="false" />
            <line number="41" hits="30" branch="false" />
            <line number="42" hits="30" branch="false" />
          </lines>
        </class>
        <class name="FlyingDutchmanAirlines_test.TestTools" filename="D:\Projects\CodingPro\FlyingDutchmanAirlines\FlyingDutchmanAirlines_test\TestTools.cs" line-rate="1" branch-rate="1" complexity="1">
          <methods>
            <method name="InitializeInMemoryContext" signature="(...)" line-rate="1" branch-rate="1" complexity="1">
              <lines>
                <line number="17" hits="33" branch="false" />
                <line number="18" hits="33" branch="false" />
                <line number="19" hits="33" branch="false" />
                <line number="20" hits="33" branch="false" />
                <line number="22" hits="33" branch="false" />
              </lines>
            </method>
          </methods>
          <lines>
            <line number="17" hits="33" branch="false" />
            <line number="18" hits="33" branch="false" />
            <line number="19" hits="33" branch="false" />
            <line number="20" hits="33" branch="false" />
            <line number="22" hits="33" branch="false" />
          </lines>
        </class>
        <class name="FlyingDutchmanAirlines_test.Views.FlightViewTests" filename="D:\Projects\CodingPro\FlyingDutchmanAirlines\FlyingDutchmanAirlines_test\Views\FlightViewTests.cs" line-rate="1" branch-rate="1" complexity="4">
          <methods>
            <method name="Constructor_FlightView_success" signature="()" line-rate="1" branch-rate="1" complexity="1">
              <lines>
                <line number="16" hits="1" branch="false" />
                <line number="17" hits="1" branch="false" />
                <line number="18" hits="1" branch="false" />
                <line number="19" hits="1" branch="false" />
                <line number="20" hits="1" branch="false" />
                <line number="21" hits="1" branch="false" />
                <line number="22" hits="1" branch="false" />
                <line number="23" hits="1" branch="false" />
                <line number="24" hits="1" branch="false" />
              </lines>
            </method>
            <method name="Constructor_FlightView_success_FlightNumber_Empty" signature="(...)" line-rate="1" branch-rate="1" complexity="1">
              <lines>
                <line number="30" hits="3" branch="false" />
                <line number="31" hits="3" branch="false" />
                <line number="32" hits="3" branch="false" />
                <line number="33" hits="3" branch="false" />
                <line number="34" hits="3" branch="false" />
                <line number="35" hits="3" branch="false" />
                <line number="36" hits="3" branch="false" />
                <line number="37" hits="3" branch="false" />
                <line number="40" hits="3" branch="false" />
              </lines>
            </method>
            <method name="Constructor_AirportInfo_Success_City_EmptyString" signature="()" line-rate="1" branch-rate="1" complexity="1">
              <lines>
                <line number="44" hits="1" branch="false" />
                <line number="45" hits="1" branch="false" />
                <line number="46" hits="1" branch="false" />
                <line number="48" hits="1" branch="false" />
                <line number="49" hits="1" branch="false" />
                <line number="51" hits="1" branch="false" />
                <line number="52" hits="1" branch="false" />
                <line number="53" hits="1" branch="false" />
              </lines>
            </method>
            <method name="Constructor_AirportInfo_Success_Code_EmptyString" signature="()" line-rate="1" branch-rate="1" complexity="1">
              <lines>
                <line number="57" hits="1" branch="false" />
                <line number="58" hits="1" branch="false" />
                <line number="59" hits="1" branch="false" />
                <line number="61" hits="1" branch="false" />
                <line number="62" hits="1" branch="false" />
                <line number="64" hits="1" branch="false" />
                <line number="65" hits="1" branch="false" />
                <line number="66" hits="1" branch="false" />
              </lines>
            </method>
          </methods>
          <lines>
            <line number="16" hits="1" branch="false" />
            <line number="17" hits="1" branch="false" />
            <line number="18" hits="1" branch="false" />
            <line number="19" hits="1" branch="false" />
            <line number="20" hits="1" branch="false" />
            <line number="21" hits="1" branch="false" />
            <line number="22" hits="1" branch="false" />
            <line number="23" hits="1" branch="false" />
            <line number="24" hits="1" branch="false" />
            <line number="30" hits="3" branch="false" />
            <line number="31" hits="3" branch="false" />
            <line number="32" hits="3" branch="false" />
            <line number="33" hits="3" branch="false" />
            <line number="34" hits="3" branch="false" />
            <line number="35" hits="3" branch="false" />
            <line number="36" hits="3" branch="false" />
            <line number="37" hits="3" branch="false" />
            <line number="40" hits="3" branch="false" />
            <line number="44" hits="1" branch="false" />
            <line number="45" hits="1" branch="false" />
            <line number="46" hits="1" branch="false" />
            <line number="48" hits="1" branch="false" />
            <line number="49" hits="1" branch="false" />
            <line number="51" hits="1" branch="false" />
            <line number="52" hits="1" branch="false" />
            <line number="53" hits="1" branch="false" />
            <line number="57" hits="1" branch="false" />
            <line number="58" hits="1" branch="false" />
            <line number="59" hits="1" branch="false" />
            <line number="61" hits="1" branch="false" />
            <line number="62" hits="1" branch="false" />
            <line number="64" hits="1" branch="false" />
            <line number="65" hits="1" branch="false" />
            <line number="66" hits="1" branch="false" />
          </lines>
        </class>
      </classes>
    </package>
  </packages>
</coverage>